Arguments: 
  C:\Program Files\nodejs\node.exe C:\Users\Diego\AppData\Roaming\npm\node_modules\yarn\bin\yarn.js add popperjs/core@^2.9.2

PATH: 
  C:\Users\Diego\bin;C:\Program Files\Git\mingw64\bin;C:\Program Files\Git\usr\local\bin;C:\Program Files\Git\usr\bin;C:\Program Files\Git\usr\bin;C:\Program Files\Git\mingw64\bin;C:\Program Files\Git\usr\bin;C:\Users\Diego\bin;C:\Program Files\Common Files\Oracle\Java\javapath;C:\Windows\system32;C:\Windows;C:\Windows\System32\Wbem;C:\Windows\System32\WindowsPowerShell\v1.0;C:\Windows\System32\OpenSSH;C:\Program Files\Git\cmd;C:\Program Files\Microsoft VS Code\bin;C:\Program Files\nodejs;C:\Users\Diego\AppData\Local\Microsoft\WindowsApps;C:\Users\Diego\AppData\Roaming\npm;C:\Program Files\Git\usr\bin\vendor_perl;C:\Program Files\Git\usr\bin\core_perl

Yarn version: 
  1.22.10

Node version: 
  14.17.0

Platform: 
  win32 x64

Trace: 
  Error: https://registry.yarnpkg.com/popperjs%2fcore: Request "https://registry.yarnpkg.com/popperjs%2fcore" returned a 405
      at Request.params.callback [as _callback] (C:\Users\Diego\AppData\Roaming\npm\node_modules\yarn\lib\cli.js:66997:18)
      at Request.self.callback (C:\Users\Diego\AppData\Roaming\npm\node_modules\yarn\lib\cli.js:140662:22)
      at Request.emit (events.js:376:20)
      at Request.<anonymous> (C:\Users\Diego\AppData\Roaming\npm\node_modules\yarn\lib\cli.js:141634:10)
      at Request.emit (events.js:376:20)
      at IncomingMessage.<anonymous> (C:\Users\Diego\AppData\Roaming\npm\node_modules\yarn\lib\cli.js:141556:12)
      at Object.onceWrapper (events.js:482:28)
      at IncomingMessage.emit (events.js:388:22)
      at endReadableNT (internal/streams/readable.js:1336:12)
      at processTicksAndRejections (internal/process/task_queues.js:82:21)

npm manifest: 
  {
    "dependencies": {
      "bootstrap": "^5.0.0"
    }
  }

yarn manifest: 
  No manifest

Lockfile: 
  # THIS IS AN AUTOGENERATED FILE. DO NOT EDIT THIS FILE DIRECTLY.
  # yarn lockfile v1
  
  
  bootstrap@^5.0.0:
    version "5.0.0"
    resolved "https://registry.yarnpkg.com/bootstrap/-/bootstrap-5.0.0.tgz#97635ac0e0d6cb466700ebf0fd266bfabf352ed2"
    integrity sha512-tmhPET9B9qCl8dCofvHeiIhi49iBt0EehmIsziZib65k1erBW1rHhj2s/2JsuQh5Pq+xz2E9bEbzp9B7xHG+VA==
